[00:59:04.64] /o Custom Designer (TM) Version J-2014.12-SP2-2
              /c Build  (OPT) Config 2901729 compiled on Sun Jul 26 20:41:43 2015 for RHEL64 5.7
              /c Invocation: /usr/local/synopsys/customdesigner/J-2014.12-SP2-2/amd64/platform/bin/cdesigner
              /c Execution time: Sat Feb 10 00:58:53 2018
              /c Host: bender.engr.ucr.edu
              /c 
              /c Copyright © 2004-2015 Synopsys, Inc. All rights reserved.
              /c Your use of this program is subject to the terms and conditions of the written license agreement between you, or your company, and Synopsys.
              /c 
[00:59:10.48] /i db::setAttr geometry -of [gi::getFrames 0] -value 600x300+8+473
[00:59:36.88] /# gi::executeAction dmShowNewCellView -in [gi::getWindows 0]
[00:59:36.88] /i dm::showNewCellView -parent 0
[00:59:37.04] /o oa:0x23b654c0
[00:59:37.39] /i gi::setActiveDialog [gi::getDialogs {dmNewCellView}]
[00:59:37.63] /i db::setAttr geometry -of [gi::getDialogs {dmNewCellView}] -value 588x336+435+234
[00:59:39.25] /i gi::setCurrentIndex {libs} -index {mylibrary} -in [gi::getDialogs {dmNewCellView}]
[00:59:39.30] /i gi::setItemSelection {libs} -index {mylibrary} -in [gi::getDialogs {dmNewCellView}]
[00:59:40.77] /i gi::setCurrentIndex {cells} -index {inverter} -in [gi::getDialogs {dmNewCellView}]
[00:59:40.84] /i gi::setItemSelection {cells} -index {inverter} -in [gi::getDialogs {dmNewCellView}]
[00:59:46.27] /i gi::pressButton {ok} -in [gi::getDialogs {dmNewCellView}]
[00:59:46.32] /# db::getAttr viewType -of [dm::findCellView layout -cell [dm::findCell inverter -lib [oa::LibFind [oa::ScalarName [oa::CdbaNS] mylibrary]]]]
[00:59:46.32] /# dm::createCellView layout -cell [dm::findCell inverter -lib [ oa::LibFind [oa::ScalarName [oa::CdbaNS] mylibrary]]] -viewType maskLayout
[00:59:46.43] /# de::open [dm::findCellView layout -cell [dm::findCell inverter -lib [oa::LibFind [oa::ScalarName [oa::CdbaNS] mylibrary]]]] -application leLayout
[00:59:46.48] /m Information: License 'Layout Editor' checked out. (LICENSE-003)
[00:59:46.51] /o 	############################################
[00:59:46.51] /o 	--------------------------------------------
[00:59:46.51] /o 	PDK Name................... : SAED_PDK_90
[00:59:46.51] /o 	PDK Release Date........... : 29-Sep-2015
[00:59:46.51] /o 	PDK Custom Designer Version : J-2014.12-2
[00:59:46.51] /o 	--------------------------------------------
[00:59:46.51] /o 	############################################
[00:59:46.51] /o 
[00:59:46.51] /w Warning: Preference 'leActiveLPP' is deprecated and scheduled for removal in a future release with no replacement. For migration assistance, see the Custom Designer Tcl Reference Manual. (PREFERENCE-058)
[00:59:46.51] /o SAED PDK 90: Loaded callbacks
[00:59:46.51] /o SAED PDK 90: Loaded display resources
[00:59:46.61] /r giWindowId 1
[00:59:46.61] /r giWindowGeometry 1243x740
[00:59:51.46] /i db::setAttr dockSize -of [gi::getAssistants leObjectLayerPanel -from [gi::getWindows 1]] -value 190x590
[00:59:52.13] /i db::setAttr geometry -of [gi::getFrames 1] -value 1243x740+15+54
[01:00:56.18] /i db::setAttr geometry -of [gi::getFrames 1] -value 1243x740+64+39
[01:01:02.17] /i db::setAttr dockSize -of [gi::getAssistants leObjectLayerPanel -from [gi::getWindows 1]] -value 190x610
[01:01:02.28] /i db::setAttr geometry -of [gi::getFrames 1] -value 1463x760+0+23
[01:01:08.23] /# gi::executeAction dePan -in [gi::getWindows 1]
[01:01:08.23] /i ide::pan 1
[01:01:08.93] /# gi::executeAction deStartDrag -in [gi::getWindows 1]
[01:01:08.93] /i de::startDrag {0.031 0.016} -window 1
[01:01:10.17] /# gi::executeAction deEndDrag -in [gi::getWindows 1]
[01:01:10.17] /i de::endDrag {0.03 0.015} -window 1
[01:01:10.26] /r dePanToPoint {0.091 0.042}
[01:01:13.34] /# gi::executeAction deStartDrag -in [gi::getWindows 1]
[01:01:13.34] /i de::startDrag {0.028 0.011} -window 1
[01:01:14.21] /# gi::executeAction deEndDrag -in [gi::getWindows 1]
[01:01:14.21] /i de::endDrag {0.027 0.01} -window 1
[01:01:14.33] /r dePanToPoint {0.135 0.076}
[01:01:14.81] /# gi::executeAction deStartDrag -in [gi::getWindows 1]
[01:01:14.81] /i de::startDrag {0.072 0.05} -window 1
[01:01:19.75] /# gi::executeAction deEndDrag -in [gi::getWindows 1]
[01:01:19.75] /i de::endDrag {0.072 0.051} -window 1
[01:01:19.84] /r dePanToPoint {0.237 0.123}
[01:01:20.14] /# gi::executeAction deAddPoint -in [gi::getWindows 1]
[01:01:20.14] /i de::addPoint {0.072 0.051} -window 1
[01:01:22.19] /# gi::executeAction leRuler -in [gi::getWindows 1]
[01:01:22.19] /i ile::createRuler
[01:01:23.67] /# gi::executeAction deAddPoint -in [gi::getWindows 1]
[01:01:23.67] /i de::addPoint {0 0.043} -window 1
[01:01:26.41] /# gi::executeAction deAddPoint -in [gi::getWindows 1]
[01:01:26.41] /i de::addPoint {0.325 0.042} -window 1
[01:01:26.95] /# gi::executeAction deZoomOutAtPoint -in [gi::getWindows 1]
[01:01:26.95] /i de::zoom -window 1 -factor 0.5 -center {0.325 0.042}
[01:01:27.07] /o {-0.793 -0.243} {0.431 0.363}
[01:01:27.39] /# gi::executeAction deZoomOutAtPoint -in [gi::getWindows 1]
[01:01:27.39] /i de::zoom -window 1 -factor 0.5 -center {0.325 0.041}
[01:01:27.49] /o {-1.911 -0.527} {0.537 0.685}
[01:01:32.26] /# gi::executeAction dePan -in [gi::getWindows 1]
[01:01:32.26] /i ide::pan 1
[01:01:33.37] /# gi::executeAction deStartDrag -in [gi::getWindows 1]
[01:01:33.37] /i de::startDrag {0.321 0.023} -window 1
[01:01:33.55] /# gi::executeAction deEndDrag -in [gi::getWindows 1]
[01:01:33.55] /i de::endDrag {-0.485 -0.083} -window 1
[01:01:33.65] /r dePanToPoint {0.925 0.291}
[01:01:33.69] /# gi::executeAction deStartDrag -in [gi::getWindows 1]
[01:01:33.69] /i de::startDrag {1.323 0.157} -window 1
[01:01:35.69] /# gi::executeAction deEndDrag -in [gi::getWindows 1]
[01:01:35.69] /i de::endDrag {1.325 0.157} -window 1
[01:01:35.77] /r dePanToPoint {1.015 0.289}
[01:01:36.08] /# gi::executeAction leStretch -in [gi::getWindows 1]
[01:01:36.08] /i ile::stretch
[01:01:39.17] /# gi::executeAction deAddPoint -in [gi::getWindows 1]
[01:01:39.17] /i de::addPoint {0.325 0.057} -window 1
[01:01:56.03] /# gi::executeAction deAddPoint -in [gi::getWindows 1]
[01:01:56.03] /i de::addPoint {2.005 0.017} -window 1
[01:01:57.99] /# gi::executeAction leRectangle -in [gi::getWindows 1]
[01:01:57.99] /i ile::createRectangle
[01:01:59.73] /# gi::executeAction deAddPoint -in [gi::getWindows 1]
[01:01:59.73] /i de::addPoint {0.033 0.017} -window 1
[01:02:07.45] /# gi::executeAction deAddPoint -in [gi::getWindows 1]
[01:02:07.45] /i de::addPoint {1.993 0.887} -window 1
[01:02:10.95] /# gi::executeAction deAbortCommand -in [gi::getWindows 1]
[01:02:10.95] /i de::abortCommand -window 1
[01:02:12.76] /# gi::executeAction deSelectActive -in [gi::getWindows 1]
[01:02:12.76] /i de::select [de::getActiveFigure [gi::getWindows 1] -point {0.017 0.035} -index 0 -intent none] -replace true
[01:02:12.81] /o oa:0x27ba3b30
[01:02:13.84] /# gi::executeAction leDelete -in [gi::getWindows 1]
[01:02:13.84] /i ile::delete
[01:02:14.82] /# gi::executeAction deZoomInAtPoint -in [gi::getWindows 1]
[01:02:14.82] /i de::zoom -window 1 -factor 2.0 -center {0.029 -0.013}
[01:02:14.92] /o {-0.09 -0.165} {1.134 0.441}
[01:02:14.97] /# gi::executeAction deZoomInAtPoint -in [gi::getWindows 1]
[01:02:14.97] /i de::zoom -window 1 -factor 2.0 -center {0.029 -0.013}
[01:02:15.06] /o {-0.03 -0.089} {0.582 0.214}
[01:02:15.06] /# gi::executeAction deZoomInAtPoint -in [gi::getWindows 1]
[01:02:15.06] /i de::zoom -window 1 -factor 2.0 -center {0.029 -0.013}
[01:02:15.16] /o {-0.001 -0.051} {0.305 0.101}
[01:02:17.57] /# gi::executeAction dePan -in [gi::getWindows 1]
[01:02:17.57] /i ide::pan 1
[01:02:18.19] /# gi::executeAction deStartDrag -in [gi::getWindows 1]
[01:02:18.19] /i de::startDrag {0.027 0.005} -window 1
[01:02:20.69] /# gi::executeAction deEndDrag -in [gi::getWindows 1]
[01:02:20.69] /i de::endDrag {0.027 0.005} -window 1
[01:02:20.79] /r dePanToPoint {0.1 0.033}
[01:02:21.09] /# gi::executeAction leAlign -in [gi::getWindows 1]
[01:02:21.09] /i ile::align
[01:02:22.43] /# gi::executeAction deAddPoint -in [gi::getWindows 1]
[01:02:22.43] /i de::addPoint {0.035 0.036} -window 1
[01:02:24.54] /# gi::executeAction deAddPoint -in [gi::getWindows 1]
[01:02:24.54] /i de::addPoint {0.001 0.028} -window 1
[01:02:26.12] /# gi::executeAction leStretch -in [gi::getWindows 1]
[01:02:26.12] /i ile::stretch
[01:02:28.54] /# gi::executeAction deAddPoint -in [gi::getWindows 1]
[01:02:28.54] /i de::addPoint {0.035 0.037} -window 1
[01:02:30.14] /# gi::executeAction deAddPoint -in [gi::getWindows 1]
[01:02:30.14] /i de::addPoint {0.001 0.035} -window 1
[01:02:31.22] /# gi::executeAction deAddPoint -in [gi::getWindows 1]
[01:02:31.22] /i de::addPoint {0.03 0.016} -window 1
[01:02:32.12] /# gi::executeAction deAddPoint -in [gi::getWindows 1]
[01:02:32.12] /i de::addPoint {0.032 -0.001} -window 1
[01:02:32.91] /# gi::executeAction deZoomOutAtPoint -in [gi::getWindows 1]
[01:02:32.91] /i de::zoom -window 1 -factor 0.5 -center {0.061 0.038}
[01:02:33.00] /o {-0.167 -0.123} {0.445 0.18}
[01:02:33.05] /# gi::executeAction deZoomOutAtPoint -in [gi::getWindows 1]
[01:02:33.05] /i de::zoom -window 1 -factor 0.5 -center {0.06 0.038}
[01:02:33.16] /o {-0.394 -0.285} {0.83 0.321}
[01:02:33.16] /# gi::executeAction deZoomOutAtPoint -in [gi::getWindows 1]
[01:02:33.16] /i de::zoom -window 1 -factor 0.5 -center {0.059 0.038}
[01:02:33.25] /o {-0.847 -0.608} {1.601 0.604}
[01:02:33.89] /# gi::executeAction deZoomOutAtPoint -in [gi::getWindows 1]
[01:02:33.89] /i de::zoom -window 1 -factor 0.5 -center {0.313 0.088}
[01:02:33.99] /o {-2.007 -1.304} {2.889 1.12}
[01:02:34.06] /# gi::executeAction deZoomOutAtPoint -in [gi::getWindows 1]
[01:02:34.06] /i de::zoom -window 1 -factor 0.5 -center {0.333 0.088}
[01:02:34.15] /o {-4.347 -2.696} {5.445 2.152}
[01:02:34.86] /# gi::executeAction deZoomInAtPoint -in [gi::getWindows 1]
[01:02:34.86] /i de::zoom -window 1 -factor 2.0 -center {1.213 0.328}
[01:02:34.95] /o {-1.567 -1.184} {3.329 1.24}
[01:02:34.99] /# gi::executeAction deZoomInAtPoint -in [gi::getWindows 1]
[01:02:34.99] /i de::zoom -window 1 -factor 2.0 -center {1.213 0.328}
[01:02:35.07] /o {-0.177 -0.428} {2.271 0.784}
[01:02:36.23] /i gi::executeAction deObjectActivation -in [gi::getWindows 1]
[01:02:36.35] /# gi::executeAction dePanNorth -in [gi::getWindows 1]
[01:02:36.35] /i de::pan -direction N -multiplier 0.5
[01:02:36.45] /o {-0.177 0.178} {2.271 1.39}
[01:02:37.13] /i gi::executeAction deObjectActivation -in [gi::getWindows 1]
[01:02:37.38] /# gi::executeAction deZoomOutAtPoint -in [gi::getWindows 1]
[01:02:37.38] /i de::zoom -window 1 -factor 0.5 -center {1.133 1.012}
[01:02:37.49] /o {-1.487 -0.656} {3.409 1.768}
[01:02:38.51] /# gi::executeAction deZoomInAtPoint -in [gi::getWindows 1]
[01:02:38.51] /i de::zoom -window 1 -factor 2.0 -center {1.101 0.268}
[01:02:38.60] /o {-0.193 -0.194} {2.255 1.018}
[01:02:41.03] /# gi::executeAction deAddPoint -in [gi::getWindows 1]
[01:02:41.03] /i de::addPoint {0.935 0.876} -window 1
[01:02:46.83] /# gi::executeAction deAddPoint -in [gi::getWindows 1]
[01:02:46.83] /i de::addPoint {1.263 0.988} -window 1
[01:02:50.54] /# gi::executeAction deAddPoint -in [gi::getWindows 1]
[01:02:50.54] /i de::addPoint {1.999 0.746} -window 1
[01:02:52.20] /# gi::executeAction deAddPoint -in [gi::getWindows 1]
[01:02:52.20] /i de::addPoint {2.007 0.746} -window 1
[01:02:58.32] /i gi::setCurrentIndex {lpps} -index {0,0} -in [gi::getAssistants leObjectLayerPanel -from [gi::getWindows 1]]
[01:02:58.37] /i gi::setItemSelection {lpps} -index {0,0} -in [gi::getAssistants leObjectLayerPanel -from [gi::getWindows 1]]
[01:02:58.42] /i gi::executeAction leOLPSelect -in [gi::getAssistants leObjectLayerPanel -from [gi::getWindows 1]]
[01:02:58.47] /# gi::setItemSelection {lpps} -index {} -in [gi::getAssistants leObjectLayerPanel -from [gi::getWindows 1]]
[01:02:58.47] /# gi::setItemSelection {lpps} -index {0,0} -in [gi::getAssistants leObjectLayerPanel -from [gi::getWindows 1]]
[01:02:58.84] /i gi::setItemSelection {lpps} -index {0,0 1,0} -in [gi::getAssistants leObjectLayerPanel -from [gi::getWindows 1]]
[01:02:58.89] /i gi::setCurrentIndex {lpps} -index {1,0} -in [gi::getAssistants leObjectLayerPanel -from [gi::getWindows 1]]
[01:03:00.93] /# gi::executeAction deCycleActiveFigurePrevious -in [gi::getWindows 1]
[01:03:00.93] /i de::cycleActiveFigure -direction prev
[01:03:00.98] /o oa:0x229917c0
[01:03:01.17] /# gi::executeAction dePan -in [gi::getWindows 1]
[01:03:01.17] /i ide::pan 1
[01:03:02.28] /# gi::executeAction deStartDrag -in [gi::getWindows 1]
[01:03:02.28] /i de::startDrag {1.865 0.586} -window 1
[01:03:03.74] /# gi::executeAction deEndDrag -in [gi::getWindows 1]
[01:03:03.74] /i de::endDrag {1.867 0.586} -window 1
[01:03:03.83] /r dePanToPoint {1.023 0.482}
[01:03:09.64] /# gi::executeAction leRuler -in [gi::getWindows 1]
[01:03:09.64] /i ile::createRuler
[01:03:12.54] /# gi::executeAction deAddPoint -in [gi::getWindows 1]
[01:03:12.54] /i de::addPoint {0.037 0.772} -window 1
[01:03:17.28] /# gi::executeAction deAddPoint -in [gi::getWindows 1]
[01:03:17.28] /i de::addPoint {0.435 0.758} -window 1
[01:03:17.88] /# gi::executeAction leAlign -in [gi::getWindows 1]
[01:03:17.88] /i ile::align
[01:03:20.05] /# gi::executeAction deAddPoint -in [gi::getWindows 1]
[01:03:20.05] /i de::addPoint {0.037 0.772} -window 1
[01:03:21.17] /# gi::executeAction deAddPoint -in [gi::getWindows 1]
[01:03:21.17] /i de::addPoint {-0.005 0.774} -window 1
[01:03:22.66] /# gi::executeAction leStretch -in [gi::getWindows 1]
[01:03:22.66] /i ile::stretch
[01:03:24.54] /# gi::executeAction deAddPoint -in [gi::getWindows 1]
[01:03:24.54] /i de::addPoint {0.431 0.772} -window 1
[01:03:31.36] /# gi::executeAction deAddPoint -in [gi::getWindows 1]
[01:03:31.36] /i de::addPoint {0.497 0.76} -window 1
[01:03:34.92] /# gi::executeAction leStretch -in [gi::getWindows 1]
[01:03:34.92] /i ile::stretch
[01:03:38.20] /# gi::executeAction deZoomOutAtPoint -in [gi::getWindows 1]
[01:03:38.20] /i de::zoom -window 1 -factor 0.5 -center {1.583 0.686}
[01:03:38.29] /o {-1.985 -0.934} {2.911 1.49}
[01:03:42.06] /# gi::executeAction deStartDrag -in [gi::getWindows 1]
[01:03:42.06] /i de::startDrag {1.279 0.806} -window 1
[01:03:42.75] /# gi::executeAction deEndDrag -in [gi::getWindows 1]
[01:03:42.75] /i de::endDrag {0.771 0.686} -window 1
[01:03:43.69] /# gi::executeAction dePan -in [gi::getWindows 1]
[01:03:43.69] /i ide::pan 1
[01:03:44.63] /# gi::executeAction deStartDrag -in [gi::getWindows 1]
[01:03:44.63] /i de::startDrag {1.035 0.694} -window 1
[01:03:45.07] /# gi::executeAction deEndDrag -in [gi::getWindows 1]
[01:03:45.07] /i de::endDrag {1.039 0.698} -window 1
[01:03:45.17] /r dePanToPoint {0.983 0.374}
[01:03:45.55] /# gi::executeAction deStartDrag -in [gi::getWindows 1]
[01:03:45.55] /i de::startDrag {1.135 0.706} -window 1
[01:03:47.08] /# gi::executeAction deEndDrag -in [gi::getWindows 1]
[01:03:47.08] /i de::endDrag {1.131 0.706} -window 1
[01:03:47.18] /r dePanToPoint {1.803 0.422}
[01:03:47.93] /# gi::executeAction deZoomInAtPoint -in [gi::getWindows 1]
[01:03:47.93] /i de::zoom -window 1 -factor 2.0 -center {1.459 0.73}
[01:03:48.03] /o {0.407 -0.03} {2.855 1.182}
[01:03:50.14] /# gi::executeAction deStartDrag -in [gi::getWindows 1]
[01:03:50.14] /i de::startDrag {1.595 0.8} -window 1
[01:03:56.19] /# gi::executeAction deEndDrag -in [gi::getWindows 1]
[01:03:56.19] /i de::endDrag {1.593 0.8} -window 1
[01:03:56.28] /r dePanToPoint {1.187 0.512}
[01:03:57.93] /# gi::executeAction leStretch -in [gi::getWindows 1]
[01:03:57.93] /i ile::stretch
[01:03:59.88] /# gi::executeAction deAddPoint -in [gi::getWindows 1]
[01:03:59.88] /i de::addPoint {2.003 0.68} -window 1
[01:04:19.09] /# gi::executeAction deAddPoint -in [gi::getWindows 1]
[01:04:19.09] /i de::addPoint {2.253 0.648} -window 1
[01:04:20.01] /# gi::executeAction dePan -in [gi::getWindows 1]
[01:04:20.01] /i ide::pan 1
[01:04:20.96] /# gi::executeAction deStartDrag -in [gi::getWindows 1]
[01:04:20.96] /i de::startDrag {2.265 0.648} -window 1
[01:04:22.10] /# gi::executeAction deEndDrag -in [gi::getWindows 1]
[01:04:22.10] /i de::endDrag {2.223 0.666} -window 1
[01:04:22.19] /r dePanToPoint {1.979 0.484}
[01:04:22.19] /# gi::executeAction leStretch -in [gi::getWindows 1]
[01:04:22.19] /i ile::stretch
[01:04:23.59] /# gi::executeAction deAddPoint -in [gi::getWindows 1]
[01:04:23.59] /i de::addPoint {2.251 0.628} -window 1
[01:04:30.08] /# gi::executeAction deAddPoint -in [gi::getWindows 1]
[01:04:30.08] /i de::addPoint {2.901 0.646} -window 1
[01:04:31.87] /# gi::executeAction dePan -in [gi::getWindows 1]
[01:04:31.87] /i ide::pan 1
[01:04:32.80] /# gi::executeAction deAddPoint -in [gi::getWindows 1]
[01:04:32.80] /i de::addPoint {1.813 0.602} -window 1
[01:04:34.56] /# gi::executeAction deAddPoint -in [gi::getWindows 1]
[01:04:34.56] /i de::addPoint {2.467 0.84} -window 1
[01:04:35.35] /# gi::executeAction deAddPoint -in [gi::getWindows 1]
[01:04:35.35] /i de::addPoint {1.951 0.724} -window 1
[01:04:36.33] /# gi::executeAction deAddPoint -in [gi::getWindows 1]
[01:04:36.33] /i de::addPoint {2.513 1.066} -window 1
[01:04:37.30] /# gi::executeAction dePan -in [gi::getWindows 1]
[01:04:37.30] /i ide::pan 1
[01:04:38.10] /# gi::executeAction deAddPoint -in [gi::getWindows 1]
[01:04:38.10] /i de::addPoint {1.597 0.704} -window 1
[01:04:40.63] /i gi::executeAction deObjectActivation -in [gi::getWindows 1]
[01:04:42.01] /i gi::executeAction deObjectActivation -in [gi::getWindows 1]
[01:04:42.60] /# gi::executeAction deAddPoint -in [gi::getWindows 1]
[01:04:42.60] /i de::addPoint {1.269 0.51} -window 1
[01:04:44.00] /# gi::executeAction deStartDrag -in [gi::getWindows 1]
[01:04:44.00] /i de::startDrag {1.037 0.498} -window 1
[01:04:46.29] /# gi::executeAction deEndDrag -in [gi::getWindows 1]
[01:04:46.29] /i de::endDrag {1.037 0.5} -window 1
[01:04:46.39] /r dePanToPoint {1.113 0.504}
[01:04:47.06] /# gi::executeAction deStartDrag -in [gi::getWindows 1]
[01:04:47.06] /i de::startDrag {0.831 0.496} -window 1
[01:04:47.56] /# gi::executeAction deEndDrag -in [gi::getWindows 1]
[01:04:47.56] /i de::endDrag {0.831 0.498} -window 1
[01:04:47.66] /r dePanToPoint {1.173 0.512}
[01:04:47.85] /# gi::executeAction leRectangle -in [gi::getWindows 1]
[01:04:47.85] /i ile::createRectangle
[01:04:51.13] /# gi::executeAction leRuler -in [gi::getWindows 1]
[01:04:51.13] /i ile::createRuler
[01:04:52.66] /# gi::executeAction deAddPoint -in [gi::getWindows 1]
[01:04:52.66] /i de::addPoint {0.581 0.978} -window 1
[01:04:53.64] /# gi::executeAction deAddPoint -in [gi::getWindows 1]
[01:04:53.64] /i de::addPoint {0.567 0.648} -window 1
[01:04:54.41] /# gi::executeAction deSelectByPoint -in [gi::getWindows 1]
[01:04:54.41] /i ide::selectByRegion -region point -select true
[01:04:55.81] /# gi::executeAction leAlign -in [gi::getWindows 1]
[01:04:55.81] /i ile::align
[01:04:57.48] /# gi::executeAction deAddPoint -in [gi::getWindows 1]
[01:04:57.48] /i de::addPoint {0.577 0.978} -window 1
[01:04:58.11] /# gi::executeAction deAddPoint -in [gi::getWindows 1]
[01:04:58.12] /i de::addPoint {0.585 0.996} -window 1
[01:05:06.90] /# gi::executeAction leStretch -in [gi::getWindows 1]
[01:05:06.90] /i ile::stretch
[01:05:08.99] /# gi::executeAction deAddPoint -in [gi::getWindows 1]
[01:05:08.99] /i de::addPoint {0.585 0.65} -window 1
[01:05:16.23] /# gi::executeAction deAddPoint -in [gi::getWindows 1]
[01:05:16.23] /i de::addPoint {0.619 0.502} -window 1
[01:05:18.47] /# gi::executeAction leAlign -in [gi::getWindows 1]
[01:05:18.47] /i ile::align
[01:05:20.01] /# gi::executeAction deAddPoint -in [gi::getWindows 1]
[01:05:20.01] /i de::addPoint {0.579 0.562} -window 1
[01:05:21.42] /# gi::executeAction deAddPoint -in [gi::getWindows 1]
[01:05:21.42] /i de::addPoint {0.503 0.768} -window 1
[01:05:22.06] /# gi::executeAction deAddPoint -in [gi::getWindows 1]
[01:05:22.06] /i de::addPoint {0.427 0.778} -window 1
[01:05:24.17] /# gi::executeAction deAddPoint -in [gi::getWindows 1]
[01:05:24.17] /i de::addPoint {0.499 0.502} -window 1
[01:05:28.96] /# gi::executeAction deZoomInAtPoint -in [gi::getWindows 1]
[01:05:28.96] /i de::zoom -window 1 -factor 2.0 -center {0.633 0.596}
[01:05:29.05] /o {0.291 0.251} {1.515 0.857}
[01:05:29.49] /# gi::executeAction deZoomOutAtPoint -in [gi::getWindows 1]
[01:05:29.49] /i de::zoom -window 1 -factor 0.5 -center {0.633 0.597}
[01:05:29.59] /o {-0.051 -0.095} {2.397 1.117}
[01:05:29.84] /# gi::executeAction deZoomOutAtPoint -in [gi::getWindows 1]
[01:05:29.84] /i de::zoom -window 1 -factor 0.5 -center {0.633 0.597}
[01:05:29.93] /o {-0.735 -0.787} {4.161 1.637}
[01:05:31.82] /# gi::executeAction leStretch -in [gi::getWindows 1]
[01:05:31.82] /i ile::stretch
[01:05:32.93] /# gi::executeAction deAddPoint -in [gi::getWindows 1]
[01:05:32.93] /i de::addPoint {0.957 1.005} -window 1
[01:05:40.52] /# gi::executeAction deAddPoint -in [gi::getWindows 1]
[01:05:40.52] /i de::addPoint {1.141 1.509} -window 1
[01:05:43.14] /# gi::executeAction deAddPoint -in [gi::getWindows 1]
[01:05:43.14] /i de::addPoint {1.397 1.513} -window 1
[01:05:45.95] /# gi::executeAction deAddPoint -in [gi::getWindows 1]
[01:05:45.95] /i de::addPoint {1.401 1.513} -window 1
[01:05:46.80] /# gi::executeAction deAddPoint -in [gi::getWindows 1]
[01:05:46.80] /i de::addPoint {1.401 1.501} -window 1
[01:05:47.80] /# gi::executeAction deAddPoint -in [gi::getWindows 1]
[01:05:47.80] /i de::addPoint {1.401 1.501} -window 1
[01:05:48.54] /# gi::executeAction deAddPoint -in [gi::getWindows 1]
[01:05:48.54] /i de::addPoint {1.401 1.501} -window 1
[01:05:51.06] /# gi::executeAction deAddPoint -in [gi::getWindows 1]
[01:05:51.06] /i de::addPoint {1.405 1.493} -window 1
[01:10:08.69] /i gi::setActiveWindow 0
[01:10:08.75] /i gi::setActiveWindow 0 -raise true
[01:10:11.12] /i gi::setActiveWindow 1
[01:10:11.17] /i gi::setActiveWindow 1 -raise true
[01:10:19.11] /i gi::executeAction deSaveDesign -in [gi::getWindows 1]
[01:10:19.19] /m Information: Saving design 'mylibrary inverter layout'. (DESIGN_WINDOW-004)
[01:10:20.36] /i gi::executeAction giCloseWindow -in [gi::getWindows 1]
[01:10:23.52] /m Information: License 'Layout Editor' checked in. (LICENSE-004)
[01:10:24.08] /i gi::setActiveWindow 0
[01:10:24.12] /i gi::setActiveWindow 0 -raise true
[01:10:29.00] /i gi::executeAction giCloseWindow -in [gi::getWindows 0]
[01:10:29.35] /r giDialog gi::setActiveDialog [gi::getDialogs {deExitDialog}]
[01:10:29.53] /r giDialog db::setAttr geometry -of [gi::getDialogs {deExitDialog}] -value 371x218+544+293
[01:10:32.92] /r giDialog gi::setField {saveState} -value {true} -in [gi::getDialogs {deExitDialog}]
[01:10:34.08] /r giDialog gi::pressButton {ok} -in [gi::getDialogs {deExitDialog}]
[01:10:34.63] /o Shutdown time: Sat Feb 10 01:10:34 2018
[01:10:34.63] /o Elapsed session real time: 11.5 minutes
[01:10:34.63] /o Session terminated. Log is at /home/tempmaj/esegovia/eecs168/cdesigner.log
